

================================================================
== Vivado HLS Report for 'face_detect_sw'
================================================================
* Date:           Thu May  9 11:52:13 2019

* Version:        2018.3 (Build 2405991 on Thu Dec 06 23:56:15 MST 2018)
* Project:        test
* Solution:       solution1
* Product family: virtexuplus
* Target device:  xcvu9p-fsgd2104-3-e


================================================================
== Performance Estimates
================================================================
+ Timing (ns): 
    * Summary: 
    +--------+-------+----------+------------+
    |  Clock | Target| Estimated| Uncertainty|
    +--------+-------+----------+------------+
    |ap_clk  |  10.00|     8.709|        1.25|
    +--------+-------+----------+------------+

+ Latency (clock cycles): 
    * Summary: 
    +-----+-----+-----+-----+---------+
    |  Latency  |  Interval | Pipeline|
    | min | max | min | max |   Type  |
    +-----+-----+-----+-----+---------+
    |    ?|    ?|    ?|    ?|   none  |
    +-----+-----+-----+-----+---------+

    + Detail: 
        * Instance: 
        +-------------------------+--------------+-----+-----+-----+-----+---------+
        |                         |              |  Latency  |  Interval | Pipeline|
        |         Instance        |    Module    | min | max | min | max |   Type  |
        +-------------------------+--------------+-----+-----+-----+-----+---------+
        |grp_processImage_fu_188  |processImage  |    ?|    ?|    ?|    ?|   none  |
        |grp_imageScaler_fu_256   |imageScaler   |  571|  571|  571|  571|   none  |
        +-------------------------+--------------+-----+-----+-----+-----+---------+

        * Loop: 
        +----------+-----+-----+----------+-----------+-----------+------+----------+
        |          |  Latency  | Iteration|  Initiation Interval  | Trip |          |
        | Loop Name| min | max |  Latency |  achieved |   target  | Count| Pipelined|
        +----------+-----+-----+----------+-----------+-----------+------+----------+
        |- L1      |    ?|    ?|         ?|          -|          -|     2|    no    |
        +----------+-----+-----+----------+-----------+-----------+------+----------+



================================================================
== Utilization Estimates
================================================================
* Summary: 
+-----------------+---------+-------+---------+---------+-----+
|       Name      | BRAM_18K| DSP48E|    FF   |   LUT   | URAM|
+-----------------+---------+-------+---------+---------+-----+
|DSP              |        -|      -|        -|        -|    -|
|Expression       |        -|      -|        0|     1308|    -|
|FIFO             |        -|      -|        -|        -|    -|
|Instance         |       48|     39|     5476|     9805|    -|
|Memory           |        1|      -|        0|        0|    -|
|Multiplexer      |        -|      -|        -|      212|    -|
|Register         |        -|      -|      308|        -|    -|
+-----------------+---------+-------+---------+---------+-----+
|Total            |       49|     39|     5784|    11325|    0|
+-----------------+---------+-------+---------+---------+-----+
|Available        |     4320|   6840|  2364480|  1182240|  960|
+-----------------+---------+-------+---------+---------+-----+
|Utilization (%)  |        1|   ~0  |    ~0   |    ~0   |    0|
+-----------------+---------+-------+---------+---------+-----+

+ Detail: 
    * Instance: 
    +---------------------------------------------------+-----------------------------------------------+---------+-------+------+------+
    |                      Instance                     |                     Module                    | BRAM_18K| DSP48E|  FF  |  LUT |
    +---------------------------------------------------+-----------------------------------------------+---------+-------+------+------+
    |face_detect_sw_dadd_64ns_64ns_64_4_full_dsp_1_U65  |face_detect_sw_dadd_64ns_64ns_64_4_full_dsp_1  |        0|      3|   429|   760|
    |face_detect_sw_fcmp_32ns_32ns_1_1_1_U64            |face_detect_sw_fcmp_32ns_32ns_1_1_1            |        0|      0|    66|    71|
    |face_detect_sw_fdiv_32ns_32ns_32_7_1_U62           |face_detect_sw_fdiv_32ns_32ns_32_7_1           |        0|      0|   314|   791|
    |face_detect_sw_fmul_32ns_32ns_32_2_max_dsp_1_U61   |face_detect_sw_fmul_32ns_32ns_32_2_max_dsp_1   |        0|      3|   128|   137|
    |face_detect_sw_fpext_32ns_64_1_1_U63               |face_detect_sw_fpext_32ns_64_1_1               |        0|      0|   100|   134|
    |grp_imageScaler_fu_256                             |imageScaler                                    |        0|      0|  1029|   921|
    |grp_processImage_fu_188                            |processImage                                   |       48|     33|  3410|  6991|
    +---------------------------------------------------+-----------------------------------------------+---------+-------+------+------+
    |Total                                              |                                               |       48|     39|  5476|  9805|
    +---------------------------------------------------+-----------------------------------------------+---------+-------+------+------+

    * DSP48: 
    N/A

    * Memory: 
    +-------------+--------------------------+---------+---+----+------+-----+------+-------------+
    |    Memory   |          Module          | BRAM_18K| FF| LUT| Words| Bits| Banks| W*Bits*Banks|
    +-------------+--------------------------+---------+---+----+------+-----+------+-------------+
    |IMG1_data_U  |face_detect_sw_IMG1_data  |        1|  0|   0|   256|   32|     1|         8192|
    +-------------+--------------------------+---------+---+----+------+-----+------+-------------+
    |Total        |                          |        1|  0|   0|   256|   32|     1|         8192|
    +-------------+--------------------------+---------+---+----+------+-----+------+-------------+

    * FIFO: 
    N/A

    * Expression: 
    +-----------------------+----------+-------+---+-----+------------+------------+
    |     Variable Name     | Operation| DSP48E| FF| LUT | Bitwidth P0| Bitwidth P1|
    +-----------------------+----------+-------+---+-----+------------+------------+
    |sh_assign_8_fu_342_p2  |     +    |      0|  0|   16|           8|           9|
    |sh_assign_fu_487_p2    |     +    |      0|  0|   19|          11|          12|
    |result_V_4_fu_573_p2   |     -    |      0|  0|   39|           1|          32|
    |result_V_6_fu_428_p2   |     -    |      0|  0|   39|           1|          32|
    |tmp_i_i_i_fu_356_p2    |     -    |      0|  0|   15|           7|           8|
    |tmp_i_i_i_i_fu_501_p2  |     -    |      0|  0|   18|          10|          11|
    |r_V_5_fu_386_p2        |   lshr   |      0|  0|   73|          25|          25|
    |r_V_fu_531_p2          |   lshr   |      0|  0|  162|          54|          54|
    |p_Val2_23_fu_565_p3    |  select  |      0|  0|   32|           1|          32|
    |p_Val2_24_fu_579_p3    |  select  |      0|  0|   32|           1|          32|
    |p_Val2_25_fu_420_p3    |  select  |      0|  0|   32|           1|          32|
    |p_Val2_26_fu_434_p3    |  select  |      0|  0|   32|           1|          32|
    |tmp_20_i_fu_291_p3     |  select  |      0|  0|   61|           1|          62|
    |ush_2_fu_366_p3        |  select  |      0|  0|    9|           1|           9|
    |ush_fu_511_p3          |  select  |      0|  0|   12|           1|          12|
    |r_V_4_fu_537_p2        |    shl   |      0|  0|  474|         137|         137|
    |r_V_6_fu_392_p2        |    shl   |      0|  0|  243|          79|          79|
    +-----------------------+----------+-------+---+-----+------------+------------+
    |Total                  |          |      0|  0| 1308|         340|         610|
    +-----------------------+----------+-------+---+-----+------------+------------+

    * Multiplexer: 
    +--------------------+----+-----------+-----+-----------+
    |        Name        | LUT| Input Size| Bits| Total Bits|
    +--------------------+----+-----------+-----+-----------+
    |IMG1_data_address0  |  15|          3|    8|         24|
    |IMG1_data_ce0       |  15|          3|    1|          3|
    |IMG1_data_we0       |   9|          2|    1|          2|
    |ap_NS_fsm           |  89|         18|    1|         18|
    |factor_reg_176      |   9|          2|   32|         64|
    |grp_fu_265_p1       |  15|          3|   32|         96|
    |grp_fu_281_opcode   |  15|          3|    5|         15|
    |grp_fu_281_p0       |  15|          3|   32|         96|
    |grp_fu_281_p1       |  15|          3|   32|         96|
    |result_size_o       |  15|          3|   32|         96|
    +--------------------+----+-----------+-----+-----------+
    |Total               | 212|         43|  176|        510|
    +--------------------+----+-----------+-----+-----------+

    * Register: 
    +--------------------------------------+----+----+-----+-----------+
    |                 Name                 | FF | LUT| Bits| Const Bits|
    +--------------------------------------+----+----+-----+-----------+
    |ap_CS_fsm                             |  17|   0|   17|          0|
    |factor_reg_176                        |  32|   0|   32|          0|
    |grp_imageScaler_fu_256_ap_start_reg   |   1|   0|    1|          0|
    |grp_processImage_fu_188_ap_start_reg  |   1|   0|    1|          0|
    |p_Val2_24_reg_627                     |  32|   0|   32|          0|
    |p_Val2_26_reg_614                     |  32|   0|   32|          0|
    |tmp_20_i_reg_609                      |   1|   0|   64|         63|
    |tmp_i_reg_604                         |  64|   0|   64|          0|
    |value_assign_reg_598                  |  32|   0|   32|          0|
    |x_assign_2_reg_589                    |  32|   0|   32|          0|
    |x_assign_reg_622                      |  64|   0|   64|          0|
    +--------------------------------------+----+----+-----+-----------+
    |Total                                 | 308|   0|  371|         63|
    +--------------------------------------+----+----+-----+-----------+



================================================================
== Interface
================================================================
* Summary: 
+----------------------+-----+-----+------------+----------------+--------------+
|       RTL Ports      | Dir | Bits|  Protocol  |  Source Object |    C Type    |
+----------------------+-----+-----+------------+----------------+--------------+
|ap_clk                |  in |    1| ap_ctrl_hs | face_detect_sw | return value |
|ap_rst                |  in |    1| ap_ctrl_hs | face_detect_sw | return value |
|ap_start              |  in |    1| ap_ctrl_hs | face_detect_sw | return value |
|ap_done               | out |    1| ap_ctrl_hs | face_detect_sw | return value |
|ap_idle               | out |    1| ap_ctrl_hs | face_detect_sw | return value |
|ap_ready              | out |    1| ap_ctrl_hs | face_detect_sw | return value |
|Data_address0         | out |    8|  ap_memory |      Data      |     array    |
|Data_ce0              | out |    1|  ap_memory |      Data      |     array    |
|Data_q0               |  in |   32|  ap_memory |      Data      |     array    |
|result_x_address0     | out |    7|  ap_memory |    result_x    |     array    |
|result_x_ce0          | out |    1|  ap_memory |    result_x    |     array    |
|result_x_we0          | out |    1|  ap_memory |    result_x    |     array    |
|result_x_d0           | out |   32|  ap_memory |    result_x    |     array    |
|result_y_address0     | out |    7|  ap_memory |    result_y    |     array    |
|result_y_ce0          | out |    1|  ap_memory |    result_y    |     array    |
|result_y_we0          | out |    1|  ap_memory |    result_y    |     array    |
|result_y_d0           | out |   32|  ap_memory |    result_y    |     array    |
|result_w_address0     | out |    7|  ap_memory |    result_w    |     array    |
|result_w_ce0          | out |    1|  ap_memory |    result_w    |     array    |
|result_w_we0          | out |    1|  ap_memory |    result_w    |     array    |
|result_w_d0           | out |   32|  ap_memory |    result_w    |     array    |
|result_h_address0     | out |    7|  ap_memory |    result_h    |     array    |
|result_h_ce0          | out |    1|  ap_memory |    result_h    |     array    |
|result_h_we0          | out |    1|  ap_memory |    result_h    |     array    |
|result_h_d0           | out |   32|  ap_memory |    result_h    |     array    |
|result_size_i         |  in |   32|   ap_ovld  |   result_size  |    pointer   |
|result_size_o         | out |   32|   ap_ovld  |   result_size  |    pointer   |
|result_size_o_ap_vld  | out |    1|   ap_ovld  |   result_size  |    pointer   |
+----------------------+-----+-----+------------+----------------+--------------+

