

================================================================
== Vivado HLS Report for 'bubbleSort'
================================================================
* Date:           Mon May  6 15:11:50 2019

* Version:        2018.3 (Build 2405991 on Thu Dec 06 23:56:15 MST 2018)
* Project:        bubble_20_10
* Solution:       solution1
* Product family: virtexuplus
* Target device:  xcvu9p-fsgd2104-3-e


================================================================
== Performance Estimates
================================================================
+ Timing (ns): 
    * Summary: 
    +--------+-------+----------+------------+
    |  Clock | Target| Estimated| Uncertainty|
    +--------+-------+----------+------------+
    |ap_clk  |  10.00|     2.050|        1.25|
    +--------+-------+----------+------------+

+ Latency (clock cycles): 
    * Summary: 
    +------+--------+------+--------+---------+
    |    Latency    |    Interval   | Pipeline|
    |  min |   max  |  min |   max  |   Type  |
    +------+--------+------+--------+---------+
    |  2401|  320803|  2401|  320803|   none  |
    +------+--------+------+--------+---------+

    + Detail: 
        * Instance: 
        N/A

        * Loop: 
        +-------------+-----+--------+----------+-----------+-----------+---------+----------+
        |             |    Latency   | Iteration|  Initiation Interval  |   Trip  |          |
        |  Loop Name  | min |   max  |  Latency |  achieved |   target  |  Count  | Pipelined|
        +-------------+-----+--------+----------+-----------+-----------+---------+----------+
        |- Loop 1     |  800|     800|         2|          -|          -|      400|    no    |
        |- Loop 2     |  798|  319200|  2 ~ 800 |          -|          -|      399|    no    |
        | + Loop 2.1  |    0|     798|         2|          -|          -| 0 ~ 399 |    no    |
        |- Loop 3     |  800|     800|         2|          -|          -|      400|    no    |
        +-------------+-----+--------+----------+-----------+-----------+---------+----------+



================================================================
== Utilization Estimates
================================================================
* Summary: 
+-----------------+---------+-------+---------+---------+-----+
|       Name      | BRAM_18K| DSP48E|    FF   |   LUT   | URAM|
+-----------------+---------+-------+---------+---------+-----+
|DSP              |        -|      -|        -|        -|    -|
|Expression       |        -|      -|        0|      152|    -|
|FIFO             |        -|      -|        -|        -|    -|
|Instance         |        -|      -|        -|        -|    -|
|Memory           |        2|      -|        0|        0|    -|
|Multiplexer      |        -|      -|        -|      161|    -|
|Register         |        -|      -|      125|        -|    -|
+-----------------+---------+-------+---------+---------+-----+
|Total            |        2|      0|      125|      313|    0|
+-----------------+---------+-------+---------+---------+-----+
|Available        |     4320|   6840|  2364480|  1182240|  960|
+-----------------+---------+-------+---------+---------+-----+
|Utilization (%)  |    ~0   |      0|    ~0   |    ~0   |    0|
+-----------------+---------+-------+---------+---------+-----+

+ Detail: 
    * Instance: 
    N/A

    * DSP48: 
    N/A

    * Memory: 
    +---------+------------------+---------+---+----+------+-----+------+-------------+
    |  Memory |      Module      | BRAM_18K| FF| LUT| Words| Bits| Banks| W*Bits*Banks|
    +---------+------------------+---------+---+----+------+-----+------+-------------+
    |num_l_U  |bubbleSort_num_l  |        2|  0|   0|   400|   32|     1|        12800|
    +---------+------------------+---------+---+----+------+-----+------+-------------+
    |Total    |                  |        2|  0|   0|   400|   32|     1|        12800|
    +---------+------------------+---------+---+----+------+-----+------+-------------+

    * FIFO: 
    N/A

    * Expression: 
    +---------------------------+----------+-------+---+----+------------+------------+
    |       Variable Name       | Operation| DSP48E| FF| LUT| Bitwidth P0| Bitwidth P1|
    +---------------------------+----------+-------+---+----+------------+------------+
    |i_1_fu_173_p2              |     +    |      0|  0|  16|           9|           1|
    |indvars_iv_next_fu_201_p2  |     +    |      0|  0|  16|           9|           2|
    |j_fu_185_p2                |     +    |      0|  0|  16|           9|           1|
    |q_2_fu_156_p2              |     +    |      0|  0|  16|           9|           1|
    |q_3_fu_219_p2              |     +    |      0|  0|  16|           9|           1|
    |exitcond1_fu_179_p2        |   icmp   |      0|  0|  13|           9|           9|
    |exitcond2_fu_167_p2        |   icmp   |      0|  0|  13|           9|           8|
    |exitcond3_fu_150_p2        |   icmp   |      0|  0|  13|           9|           8|
    |exitcond_fu_213_p2         |   icmp   |      0|  0|  13|           9|           8|
    |tmp_s_fu_207_p2            |   icmp   |      0|  0|  20|          32|          32|
    +---------------------------+----------+-------+---+----+------------+------------+
    |Total                      |          |      0|  0| 152|         113|          71|
    +---------------------------+----------+-------+---+----+------------+------------+

    * Multiplexer: 
    +--------------------+----+-----------+-----+-----------+
    |        Name        | LUT| Input Size| Bits| Total Bits|
    +--------------------+----+-----------+-----+-----------+
    |ap_NS_fsm           |  44|          9|    1|          9|
    |i_assign_reg_128    |   9|          2|    9|         18|
    |i_reg_117           |   9|          2|    9|         18|
    |indvars_iv_reg_105  |   9|          2|    9|         18|
    |num_address0        |  15|          3|    9|         27|
    |num_l_address0      |  21|          4|    9|         36|
    |num_l_address1      |  21|          4|    9|         36|
    |num_l_d0            |  15|          3|   32|         96|
    |q_1_reg_139         |   9|          2|    9|         18|
    |q_reg_94            |   9|          2|    9|         18|
    +--------------------+----+-----------+-----+-----------+
    |Total               | 161|         33|  105|        294|
    +--------------------+----+-----------+-----+-----------+

    * Register: 
    +----------------------+---+----+-----+-----------+
    |         Name         | FF| LUT| Bits| Const Bits|
    +----------------------+---+----+-----+-----------+
    |ap_CS_fsm             |  8|   0|    8|          0|
    |i_1_reg_251           |  9|   0|    9|          0|
    |i_assign_reg_128      |  9|   0|    9|          0|
    |i_reg_117             |  9|   0|    9|          0|
    |indvars_iv_reg_105    |  9|   0|    9|          0|
    |j_reg_259             |  9|   0|    9|          0|
    |num_l_addr_2_reg_264  |  9|   0|    9|          0|
    |num_l_addr_3_reg_270  |  9|   0|    9|          0|
    |q_1_reg_139           |  9|   0|    9|          0|
    |q_2_reg_233           |  9|   0|    9|          0|
    |q_3_reg_287           |  9|   0|    9|          0|
    |q_reg_94              |  9|   0|    9|          0|
    |tmp_4_reg_292         |  9|   0|   64|         55|
    |tmp_reg_238           |  9|   0|   64|         55|
    +----------------------+---+----+-----+-----------+
    |Total                 |125|   0|  235|        110|
    +----------------------+---+----+-----+-----------+



================================================================
== Interface
================================================================
* Summary: 
+--------------+-----+-----+------------+--------------+--------------+
|   RTL Ports  | Dir | Bits|  Protocol  | Source Object|    C Type    |
+--------------+-----+-----+------------+--------------+--------------+
|ap_clk        |  in |    1| ap_ctrl_hs |  bubbleSort  | return value |
|ap_rst        |  in |    1| ap_ctrl_hs |  bubbleSort  | return value |
|ap_start      |  in |    1| ap_ctrl_hs |  bubbleSort  | return value |
|ap_done       | out |    1| ap_ctrl_hs |  bubbleSort  | return value |
|ap_idle       | out |    1| ap_ctrl_hs |  bubbleSort  | return value |
|ap_ready      | out |    1| ap_ctrl_hs |  bubbleSort  | return value |
|num_address0  | out |    9|  ap_memory |      num     |     array    |
|num_ce0       | out |    1|  ap_memory |      num     |     array    |
|num_we0       | out |    1|  ap_memory |      num     |     array    |
|num_d0        | out |   32|  ap_memory |      num     |     array    |
|num_q0        |  in |   32|  ap_memory |      num     |     array    |
+--------------+-----+-----+------------+--------------+--------------+

