

================================================================
== Vivado HLS Report for 'face_detect_sw'
================================================================
* Date:           Sat May 11 15:13:21 2019

* Version:        2018.3 (Build 2405991 on Thu Dec 06 23:56:15 MST 2018)
* Project:        modified
* Solution:       solution1
* Product family: virtexuplus
* Target device:  xcvu9p-fsgd2104-3-e


================================================================
== Performance Estimates
================================================================
+ Timing (ns): 
    * Summary: 
    +--------+-------+----------+------------+
    |  Clock | Target| Estimated| Uncertainty|
    +--------+-------+----------+------------+
    |ap_clk  |  10.00|     8.709|        1.25|
    +--------+-------+----------+------------+

+ Latency (clock cycles): 
    * Summary: 
    +------+---------+------+---------+---------+
    |     Latency    |    Interval    | Pipeline|
    |  min |   max   |  min |   max   |   Type  |
    +------+---------+------+---------+---------+
    |  1182|  4616958|  1182|  4616958|   none  |
    +------+---------+------+---------+---------+

    + Detail: 
        * Instance: 
        +-------------------------+--------------+-----+---------+-----+---------+---------+
        |                         |              |    Latency    |    Interval   | Pipeline|
        |         Instance        |    Module    | min |   max   | min |   max   |   Type  |
        +-------------------------+--------------+-----+---------+-----+---------+---------+
        |grp_processImage_fu_194  |processImage  |    2|  2307890|    2|  2307890|   none  |
        |grp_imageScaler_fu_262   |imageScaler   |  569|      569|  569|      569|   none  |
        +-------------------------+--------------+-----+---------+-----+---------+---------+

        * Loop: 
        +----------+------+---------+---------------+-----------+-----------+------+----------+
        |          |     Latency    |   Iteration   |  Initiation Interval  | Trip |          |
        | Loop Name|  min |   max   |    Latency    |  achieved |   target  | Count| Pipelined|
        +----------+------+---------+---------------+-----------+-----------+------+----------+
        |- L1      |  1181|  4616957| 587 ~ 2308475 |          -|          -|     2|    no    |
        +----------+------+---------+---------------+-----------+-----------+------+----------+



================================================================
== Utilization Estimates
================================================================
* Summary: 
+-----------------+---------+-------+---------+---------+-----+
|       Name      | BRAM_18K| DSP48E|    FF   |   LUT   | URAM|
+-----------------+---------+-------+---------+---------+-----+
|DSP              |        -|      -|        -|        -|    -|
|Expression       |        -|      -|        0|     1295|    -|
|FIFO             |        -|      -|        -|        -|    -|
|Instance         |       46|     28|     4490|     8791|    -|
|Memory           |        1|      -|        0|        0|    -|
|Multiplexer      |        -|      -|        -|      212|    -|
|Register         |        -|      -|      280|        -|    -|
+-----------------+---------+-------+---------+---------+-----+
|Total            |       47|     28|     4770|    10298|    0|
+-----------------+---------+-------+---------+---------+-----+
|Available        |     4320|   6840|  2364480|  1182240|  960|
+-----------------+---------+-------+---------+---------+-----+
|Utilization (%)  |        1|   ~0  |    ~0   |    ~0   |    0|
+-----------------+---------+-------+---------+---------+-----+

+ Detail: 
    * Instance: 
    +---------------------------------------------------+-----------------------------------------------+---------+-------+------+------+
    |                      Instance                     |                     Module                    | BRAM_18K| DSP48E|  FF  |  LUT |
    +---------------------------------------------------+-----------------------------------------------+---------+-------+------+------+
    |face_detect_sw_dadd_64ns_64ns_64_4_full_dsp_1_U74  |face_detect_sw_dadd_64ns_64ns_64_4_full_dsp_1  |        0|      3|   429|   760|
    |face_detect_sw_fcmp_32ns_32ns_1_1_1_U73            |face_detect_sw_fcmp_32ns_32ns_1_1_1            |        0|      0|    66|    71|
    |face_detect_sw_fdiv_32ns_32ns_32_7_1_U71           |face_detect_sw_fdiv_32ns_32ns_32_7_1           |        0|      0|   314|   791|
    |face_detect_sw_fmul_32ns_32ns_32_2_max_dsp_1_U70   |face_detect_sw_fmul_32ns_32ns_32_2_max_dsp_1   |        0|      3|   128|   137|
    |face_detect_sw_fpext_32ns_64_1_1_U72               |face_detect_sw_fpext_32ns_64_1_1               |        0|      0|   100|   134|
    |grp_imageScaler_fu_262                             |imageScaler                                    |        0|      0|   747|   679|
    |grp_processImage_fu_194                            |processImage                                   |       46|     22|  2706|  6219|
    +---------------------------------------------------+-----------------------------------------------+---------+-------+------+------+
    |Total                                              |                                               |       46|     28|  4490|  8791|
    +---------------------------------------------------+-----------------------------------------------+---------+-------+------+------+

    * DSP48: 
    N/A

    * Memory: 
    +---------------+----------------------------+---------+---+----+------+-----+------+-------------+
    |     Memory    |           Module           | BRAM_18K| FF| LUT| Words| Bits| Banks| W*Bits*Banks|
    +---------------+----------------------------+---------+---+----+------+-----+------+-------------+
    |IMG1_data_V_U  |face_detect_sw_IMG1_data_V  |        1|  0|   0|   256|    8|     1|         2048|
    +---------------+----------------------------+---------+---+----+------+-----+------+-------------+
    |Total          |                            |        1|  0|   0|   256|    8|     1|         2048|
    +---------------+----------------------------+---------+---+----+------+-----+------+-------------+

    * FIFO: 
    N/A

    * Expression: 
    +-----------------------+----------+-------+---+-----+------------+------------+
    |     Variable Name     | Operation| DSP48E| FF| LUT | Bitwidth P0| Bitwidth P1|
    +-----------------------+----------+-------+---+-----+------------+------------+
    |sh_assign_8_fu_364_p2  |     +    |      0|  0|   16|           8|           9|
    |sh_assign_fu_556_p2    |     +    |      0|  0|   19|          11|          12|
    |result_V_4_fu_642_p2   |     -    |      0|  0|   39|           1|          32|
    |result_V_6_fu_450_p2   |     -    |      0|  0|   12|           1|           4|
    |tmp_i_i_i_fu_378_p2    |     -    |      0|  0|   15|           7|           8|
    |tmp_i_i_i_i_fu_570_p2  |     -    |      0|  0|   18|          10|          11|
    |tmp_25_fu_332_p2       |    and   |      0|  0|    2|           1|           1|
    |tmp_30_fu_499_p2       |    and   |      0|  0|    2|           1|           1|
    |notlhs5_fu_481_p2      |   icmp   |      0|  0|   11|           8|           2|
    |notlhs_fu_314_p2       |   icmp   |      0|  0|   11|           8|           2|
    |notrhs6_fu_487_p2      |   icmp   |      0|  0|   20|          23|           1|
    |notrhs_fu_320_p2       |   icmp   |      0|  0|   20|          23|           1|
    |r_V_5_fu_408_p2        |   lshr   |      0|  0|   73|          25|          25|
    |r_V_fu_600_p2          |   lshr   |      0|  0|  162|          54|          54|
    |tmp_23_fu_326_p2       |    or    |      0|  0|    2|           1|           1|
    |tmp_28_fu_493_p2       |    or    |      0|  0|    2|           1|           1|
    |p_Val2_18_fu_634_p3    |  select  |      0|  0|   32|           1|          32|
    |p_Val2_19_fu_648_p3    |  select  |      0|  0|   32|           1|          32|
    |tmp_11_i_fu_505_p3     |  select  |      0|  0|   61|           1|          62|
    |tmp_31_fu_456_p3       |  select  |      0|  0|    4|           1|           4|
    |tmp_38_fu_442_p3       |  select  |      0|  0|    4|           1|           4|
    |ush_2_fu_388_p3        |  select  |      0|  0|    9|           1|           9|
    |ush_fu_580_p3          |  select  |      0|  0|   12|           1|          12|
    |r_V_4_fu_606_p2        |    shl   |      0|  0|  474|         137|         137|
    |r_V_6_fu_414_p2        |    shl   |      0|  0|  243|          79|          79|
    +-----------------------+----------+-------+---+-----+------------+------------+
    |Total                  |          |      0|  0| 1295|         406|         536|
    +-----------------------+----------+-------+---+-----+------------+------------+

    * Multiplexer: 
    +----------------------+----+-----------+-----+-----------+
    |         Name         | LUT| Input Size| Bits| Total Bits|
    +----------------------+----+-----------+-----+-----------+
    |IMG1_data_V_address0  |  15|          3|    8|         24|
    |IMG1_data_V_ce0       |  15|          3|    1|          3|
    |IMG1_data_V_we0       |   9|          2|    1|          2|
    |ap_NS_fsm             |  89|         18|    1|         18|
    |factor_reg_182        |   9|          2|   32|         64|
    |grp_fu_271_p1         |  15|          3|   32|         96|
    |grp_fu_287_opcode     |  15|          3|    5|         15|
    |grp_fu_287_p0         |  15|          3|   32|         96|
    |grp_fu_287_p1         |  15|          3|   32|         96|
    |result_size_o         |  15|          3|   32|         96|
    +----------------------+----+-----------+-----+-----------+
    |Total                 | 212|         43|  176|        510|
    +----------------------+----+-----------+-----+-----------+

    * Register: 
    +--------------------------------------+----+----+-----+-----------+
    |                 Name                 | FF | LUT| Bits| Const Bits|
    +--------------------------------------+----+----+-----+-----------+
    |ap_CS_fsm                             |  17|   0|   17|          0|
    |factor_reg_182                        |  32|   0|   32|          0|
    |grp_imageScaler_fu_262_ap_start_reg   |   1|   0|    1|          0|
    |grp_processImage_fu_194_ap_start_reg  |   1|   0|    1|          0|
    |p_Val2_19_reg_697                     |  32|   0|   32|          0|
    |tmp_11_i_reg_687                      |   1|   0|   64|         63|
    |tmp_31_reg_667                        |   4|   0|    4|          0|
    |tmp_i_reg_682                         |  64|   0|   64|          0|
    |value_assign_reg_675                  |  32|   0|   32|          0|
    |x_assign_2_reg_658                    |  32|   0|   32|          0|
    |x_assign_reg_692                      |  64|   0|   64|          0|
    +--------------------------------------+----+----+-----+-----------+
    |Total                                 | 280|   0|  343|         63|
    +--------------------------------------+----+----+-----+-----------+



================================================================
== Interface
================================================================
* Summary: 
+----------------------+-----+-----+------------+----------------+--------------+
|       RTL Ports      | Dir | Bits|  Protocol  |  Source Object |    C Type    |
+----------------------+-----+-----+------------+----------------+--------------+
|ap_clk                |  in |    1| ap_ctrl_hs | face_detect_sw | return value |
|ap_rst                |  in |    1| ap_ctrl_hs | face_detect_sw | return value |
|ap_start              |  in |    1| ap_ctrl_hs | face_detect_sw | return value |
|ap_done               | out |    1| ap_ctrl_hs | face_detect_sw | return value |
|ap_idle               | out |    1| ap_ctrl_hs | face_detect_sw | return value |
|ap_ready              | out |    1| ap_ctrl_hs | face_detect_sw | return value |
|Data_V_address0       | out |    8|  ap_memory |     Data_V     |     array    |
|Data_V_ce0            | out |    1|  ap_memory |     Data_V     |     array    |
|Data_V_q0             |  in |    8|  ap_memory |     Data_V     |     array    |
|result_x_address0     | out |    7|  ap_memory |    result_x    |     array    |
|result_x_ce0          | out |    1|  ap_memory |    result_x    |     array    |
|result_x_we0          | out |    1|  ap_memory |    result_x    |     array    |
|result_x_d0           | out |   32|  ap_memory |    result_x    |     array    |
|result_y_address0     | out |    7|  ap_memory |    result_y    |     array    |
|result_y_ce0          | out |    1|  ap_memory |    result_y    |     array    |
|result_y_we0          | out |    1|  ap_memory |    result_y    |     array    |
|result_y_d0           | out |   32|  ap_memory |    result_y    |     array    |
|result_w_address0     | out |    7|  ap_memory |    result_w    |     array    |
|result_w_ce0          | out |    1|  ap_memory |    result_w    |     array    |
|result_w_we0          | out |    1|  ap_memory |    result_w    |     array    |
|result_w_d0           | out |   32|  ap_memory |    result_w    |     array    |
|result_h_address0     | out |    7|  ap_memory |    result_h    |     array    |
|result_h_ce0          | out |    1|  ap_memory |    result_h    |     array    |
|result_h_we0          | out |    1|  ap_memory |    result_h    |     array    |
|result_h_d0           | out |   32|  ap_memory |    result_h    |     array    |
|result_size_i         |  in |   32|   ap_ovld  |   result_size  |    pointer   |
|result_size_o         | out |   32|   ap_ovld  |   result_size  |    pointer   |
|result_size_o_ap_vld  | out |    1|   ap_ovld  |   result_size  |    pointer   |
+----------------------+-----+-----+------------+----------------+--------------+

