

================================================================
== Vivado HLS Report for 'rendering_sw'
================================================================
* Date:           Thu May  9 11:48:58 2019

* Version:        2018.3 (Build 2405991 on Thu Dec 06 23:56:15 MST 2018)
* Project:        test
* Solution:       solution1
* Product family: virtexuplus
* Target device:  xcvu9p-fsgd2104-3-e


================================================================
== Performance Estimates
================================================================
+ Timing (ns): 
    * Summary: 
    +--------+-------+----------+------------+
    |  Clock | Target| Estimated| Uncertainty|
    +--------+-------+----------+------------+
    |ap_clk  |  10.00|     7.122|        1.25|
    +--------+-------+----------+------------+

+ Latency (clock cycles): 
    * Summary: 
    +-----+-----+-----+-----+---------+
    |  Latency  |  Interval | Pipeline|
    | min | max | min | max |   Type  |
    +-----+-----+-----+-----+---------+
    |    ?|    ?|    ?|    ?|   none  |
    +-----+-----+-----+-----+---------+

    + Detail: 
        * Instance: 
        +-----------------------+------------+-----+-----+-----+-----+---------+
        |                       |            |  Latency  |  Interval | Pipeline|
        |        Instance       |   Module   | min | max | min | max |   Type  |
        +-----------------------+------------+-----+-----+-----+-----+---------+
        |grp_zculling_fu_344    |zculling    |    ?|    ?|    ?|    ?|   none  |
        |grp_coloringFB_fu_361  |coloringFB  |    ?|    ?|    ?|    ?|   none  |
        +-----------------------+------------+-----+-----+-----+-----+---------+

        * Loop: 
        +-------------+-----+-----+----------+-----------+-----------+------+----------+
        |             |  Latency  | Iteration|  Initiation Interval  | Trip |          |
        |  Loop Name  | min | max |  Latency |  achieved |   target  | Count| Pipelined|
        +-------------+-----+-----+----------+-----------+-----------+------+----------+
        |- TRIANGLES  |    ?|    ?|         ?|          -|          -|   100|    no    |
        | + RAST2     |    ?|    ?|        35|          -|          -|     ?|    no    |
        +-------------+-----+-----+----------+-----------+-----------+------+----------+



================================================================
== Utilization Estimates
================================================================
* Summary: 
+-----------------+---------+-------+---------+---------+-----+
|       Name      | BRAM_18K| DSP48E|    FF   |   LUT   | URAM|
+-----------------+---------+-------+---------+---------+-----+
|DSP              |        -|      -|        -|        -|    -|
|Expression       |        -|     36|        0|     2255|    -|
|FIFO             |        -|      -|        -|        -|    -|
|Instance         |      116|      -|     1142|     1092|    -|
|Memory           |        7|      -|        0|        0|    -|
|Multiplexer      |        -|      -|        -|      481|    -|
|Register         |        -|      -|      891|        -|    -|
+-----------------+---------+-------+---------+---------+-----+
|Total            |      123|     36|     2033|     3828|    0|
+-----------------+---------+-------+---------+---------+-----+
|Available        |     4320|   6840|  2364480|  1182240|  960|
+-----------------+---------+-------+---------+---------+-----+
|Utilization (%)  |        2|   ~0  |    ~0   |    ~0   |    0|
+-----------------+---------+-------+---------+---------+-----+

+ Detail: 
    * Instance: 
    +---------------------------------------------+-----------------------------------------+---------+-------+-----+-----+
    |                   Instance                  |                  Module                 | BRAM_18K| DSP48E|  FF | LUT |
    +---------------------------------------------+-----------------------------------------+---------+-------+-----+-----+
    |grp_coloringFB_fu_361                        |coloringFB                               |        0|      0|  104|  267|
    |rendering_sw_udiv_31ns_32ns_32_35_seq_1_U18  |rendering_sw_udiv_31ns_32ns_32_35_seq_1  |        0|      0|  394|  238|
    |rendering_sw_urem_31ns_32ns_32_35_seq_1_U17  |rendering_sw_urem_31ns_32ns_32_35_seq_1  |        0|      0|  394|  238|
    |grp_zculling_fu_344                          |zculling                                 |      116|      0|  250|  349|
    +---------------------------------------------+-----------------------------------------+---------+-------+-----+-----+
    |Total                                        |                                         |      116|      0| 1142| 1092|
    +---------------------------------------------+-----------------------------------------+---------+-------+-----+-----+

    * DSP48: 
    N/A

    * Memory: 
    +------------------+-----------------------------+---------+---+----+------+-----+------+-------------+
    |      Memory      |            Module           | BRAM_18K| FF| LUT| Words| Bits| Banks| W*Bits*Banks|
    +------------------+-----------------------------+---------+---+----+------+-----+------+-------------+
    |fragment_color_U  |rendering_sw_fragment_color  |        1|  0|   0|   500|    8|     1|         4000|
    |pixels_color_U    |rendering_sw_fragment_color  |        1|  0|   0|   500|    8|     1|         4000|
    |fragment_x_U      |rendering_sw_fragment_x      |        1|  0|   0|   500|   32|     1|        16000|
    |fragment_y_U      |rendering_sw_fragment_x      |        1|  0|   0|   500|   32|     1|        16000|
    |fragment_z_U      |rendering_sw_fragment_x      |        1|  0|   0|   500|   32|     1|        16000|
    |pixels_x_U        |rendering_sw_fragment_x      |        1|  0|   0|   500|   32|     1|        16000|
    |pixels_y_U        |rendering_sw_fragment_x      |        1|  0|   0|   500|   32|     1|        16000|
    +------------------+-----------------------------+---------+---+----+------+-----+------+-------------+
    |Total             |                             |        7|  0|   0|  3500|  176|     7|        88000|
    +------------------+-----------------------------+---------+---+----+------+-----+------+-------------+

    * FIFO: 
    N/A

    * Expression: 
    +------------------------------+----------+-------+---+----+------------+------------+
    |         Variable Name        | Operation| DSP48E| FF| LUT| Bitwidth P0| Bitwidth P1|
    +------------------------------+----------+-------+---+----+------------+------------+
    |max_index_i_fu_734_p2         |     *    |      3|  0|  20|          32|          32|
    |mul2_fu_426_p2                |     *    |      3|  0|  22|          32|          33|
    |mul5_fu_402_p2                |     *    |      3|  0|  22|          32|          33|
    |mul_fu_450_p2                 |     *    |      3|  0|  22|          32|          33|
    |tmp_11_i_i_fu_856_p2          |     *    |      3|  0|  20|          32|          32|
    |tmp_14_i_i_fu_872_p2          |     *    |      3|  0|  20|          32|          32|
    |tmp_17_i_i_fu_882_p2          |     *    |      3|  0|  20|          32|          32|
    |tmp_20_i_i_fu_898_p2          |     *    |      3|  0|  20|          32|          32|
    |tmp_23_i_i_fu_908_p2          |     *    |      3|  0|  20|          32|          32|
    |tmp_34_i_i_fu_494_p2          |     *    |      3|  0|  20|          32|          32|
    |tmp_37_i_i_fu_512_p2          |     *    |      3|  0|  20|          32|          32|
    |tmp_8_i_i_fu_846_p2           |     *    |      3|  0|  20|          32|          32|
    |i_2_fu_379_p2                 |     +    |      0|  0|  15|           7|           1|
    |i_3_fu_947_p2                 |     +    |      0|  0|  39|          32|           1|
    |k_fu_813_p2                   |     +    |      0|  0|  38|          31|           1|
    |tmp4_fu_470_p2                |     +    |      0|  0|  32|          32|          32|
    |triangle_2ds_z_fu_476_p2      |     +    |      0|  0|  32|          32|          32|
    |x_fu_829_p2                   |     +    |      0|  0|  39|          32|          32|
    |y_fu_835_p2                   |     +    |      0|  0|  39|          32|          32|
    |cw_fu_518_p2                  |     -    |      0|  0|  39|          32|          32|
    |max_min_4_i_fu_722_p2         |     -    |      0|  0|  39|          32|          32|
    |pi0_fu_861_p2                 |     -    |      0|  0|  39|          32|          32|
    |pi1_fu_887_p2                 |     -    |      0|  0|  39|          32|          32|
    |pi2_fu_913_p2                 |     -    |      0|  0|  39|          32|          32|
    |tmp_12_i_i_fu_867_p2          |     -    |      0|  0|  39|          32|          32|
    |tmp_13_i_i_fu_788_p2          |     -    |      0|  0|  39|          32|          32|
    |tmp_15_i_i_fu_877_p2          |     -    |      0|  0|  39|          32|          32|
    |tmp_16_i_i_fu_792_p2          |     -    |      0|  0|  39|          32|          32|
    |tmp_18_i_i_fu_893_p2          |     -    |      0|  0|  39|          32|          32|
    |tmp_19_i_i_fu_796_p2          |     -    |      0|  0|  39|          32|          32|
    |tmp_21_i_i_fu_903_p2          |     -    |      0|  0|  39|          32|          32|
    |tmp_22_i_i_fu_800_p2          |     -    |      0|  0|  39|          32|          32|
    |tmp_35_i_i_fu_500_p2          |     -    |      0|  0|  39|          32|          32|
    |tmp_36_i_i_fu_506_p2          |     -    |      0|  0|  39|          32|          32|
    |tmp_5_i_fu_728_p2             |     -    |      0|  0|  39|          32|          32|
    |tmp_9_i_i_fu_851_p2           |     -    |      0|  0|  39|          32|          32|
    |tmp_i_i1_fu_482_p2            |     -    |      0|  0|  39|          32|          32|
    |tmp_i_i2_fu_488_p2            |     -    |      0|  0|  39|          32|          32|
    |tmp_i_i_fu_841_p2             |     -    |      0|  0|  39|          32|          32|
    |exitcond_fu_373_p2            |   icmp   |      0|  0|  11|           7|           6|
    |flag_fu_524_p2                |   icmp   |      0|  0|  20|          32|          32|
    |tmp_27_i1_i_fu_664_p2         |   icmp   |      0|  0|  20|          32|          32|
    |tmp_27_i_i_fu_588_p2          |   icmp   |      0|  0|  20|          32|          32|
    |tmp_28_i1_i_fu_702_p2         |   icmp   |      0|  0|  20|          32|          32|
    |tmp_28_i_i_fu_626_p2          |   icmp   |      0|  0|  20|          32|          32|
    |tmp_i1_fu_808_p2              |   icmp   |      0|  0|  20|          32|          32|
    |tmp_i2_i_8_fu_608_p2          |   icmp   |      0|  0|  20|          32|          32|
    |tmp_i2_i_fu_576_p2            |   icmp   |      0|  0|  20|          32|          32|
    |tmp_i3_i_9_fu_646_p2          |   icmp   |      0|  0|  20|          32|          32|
    |tmp_i3_i_fu_614_p2            |   icmp   |      0|  0|  20|          32|          32|
    |tmp_i4_i_10_fu_684_p2         |   icmp   |      0|  0|  20|          32|          32|
    |tmp_i4_i_fu_652_p2            |   icmp   |      0|  0|  20|          32|          32|
    |tmp_i5_i_fu_690_p2            |   icmp   |      0|  0|  20|          32|          32|
    |tmp_i9_i_fu_570_p2            |   icmp   |      0|  0|  20|          32|          32|
    |tmp5_fu_919_p2                |    or    |      0|  0|  32|          32|          32|
    |tmp_25_i_i_fu_925_p2          |    or    |      0|  0|  32|          32|          32|
    |UnifiedRetVal_i1_i_fu_638_p3  |  select  |      0|  0|  32|           1|          32|
    |UnifiedRetVal_i2_i_fu_676_p3  |  select  |      0|  0|  32|           1|          32|
    |UnifiedRetVal_i3_i_fu_714_p3  |  select  |      0|  0|  32|           1|          32|
    |UnifiedRetVal_i_i_fu_600_p3   |  select  |      0|  0|  32|           1|          32|
    |in0_assign_1_fu_555_p3        |  select  |      0|  0|  32|           1|          32|
    |in0_assign_fu_550_p3          |  select  |      0|  0|  32|           1|          32|
    |in0_in2_i1_i_fu_619_p3        |  select  |      0|  0|  32|           1|          32|
    |in0_in2_i2_i_fu_657_p3        |  select  |      0|  0|  32|           1|          32|
    |in0_in2_i3_i_fu_695_p3        |  select  |      0|  0|  32|           1|          32|
    |in0_in2_i_i_fu_581_p3         |  select  |      0|  0|  32|           1|          32|
    |in1_assign_1_fu_565_p3        |  select  |      0|  0|  32|           1|          32|
    |in1_assign_fu_560_p3          |  select  |      0|  0|  32|           1|          32|
    |in1_in2_i1_i_fu_631_p3        |  select  |      0|  0|  32|           1|          32|
    |in1_in2_i2_i_fu_669_p3        |  select  |      0|  0|  32|           1|          32|
    |in1_in2_i3_i_fu_707_p3        |  select  |      0|  0|  32|           1|          32|
    |in1_in2_i_i_fu_593_p3         |  select  |      0|  0|  32|           1|          32|
    |max_index_0_fu_754_p3         |  select  |      0|  0|  32|           1|          32|
    |max_min_0_fu_761_p3           |  select  |      0|  0|  32|           1|          32|
    |max_min_2_fu_740_p3           |  select  |      0|  0|  32|           1|          32|
    |max_min_4_fu_747_p3           |  select  |      0|  0|  32|           1|          32|
    +------------------------------+----------+-------+---+----+------------+------------+
    |Total                         |          |     36|  0|2255|        1761|        2316|
    +------------------------------+----------+-------+---+----+------------+------------+

    * Multiplexer: 
    +---------------------------------+-----+-----------+-----+-----------+
    |               Name              | LUT | Input Size| Bits| Total Bits|
    +---------------------------------+-----+-----------+-----+-----------+
    |ap_NS_fsm                        |  193|         44|    1|         44|
    |ap_phi_mux_i_i_be_phi_fu_323_p4  |   15|          3|   32|         96|
    |fragment_color_address0          |   15|          3|    9|         27|
    |fragment_color_ce0               |   15|          3|    1|          3|
    |fragment_x_address0              |   15|          3|    9|         27|
    |fragment_x_ce0                   |   15|          3|    1|          3|
    |fragment_y_address0              |   15|          3|    9|         27|
    |fragment_y_ce0                   |   15|          3|    1|          3|
    |fragment_z_address0              |   15|          3|    9|         27|
    |fragment_z_ce0                   |   15|          3|    1|          3|
    |i_i_reg_296                      |    9|          2|   32|         64|
    |i_reg_284                        |    9|          2|    7|         14|
    |k_i_reg_308                      |    9|          2|   31|         62|
    |pixels_color_address0            |   15|          3|    9|         27|
    |pixels_color_ce0                 |   15|          3|    1|          3|
    |pixels_color_we0                 |    9|          2|    1|          2|
    |pixels_x_address0                |   15|          3|    9|         27|
    |pixels_x_ce0                     |   15|          3|    1|          3|
    |pixels_x_we0                     |    9|          2|    1|          2|
    |pixels_y_address0                |   15|          3|    9|         27|
    |pixels_y_ce0                     |   15|          3|    1|          3|
    |pixels_y_we0                     |    9|          2|    1|          2|
    |size_fragment_reg_331            |    9|          2|   32|         64|
    +---------------------------------+-----+-----------+-----+-----------+
    |Total                            |  481|        103|  208|        560|
    +---------------------------------+-----+-----------+-----+-----------+

    * Register: 
    +------------------------------------+----+----+-----+-----------+
    |                Name                | FF | LUT| Bits| Const Bits|
    +------------------------------------+----+----+-----+-----------+
    |ap_CS_fsm                           |  43|   0|   43|          0|
    |flag_reg_1108                       |   1|   0|    1|          0|
    |grp_coloringFB_fu_361_ap_start_reg  |   1|   0|    1|          0|
    |grp_zculling_fu_344_ap_start_reg    |   1|   0|    1|          0|
    |i_2_reg_981                         |   7|   0|    7|          0|
    |i_i_reg_296                         |  32|   0|   32|          0|
    |i_reg_284                           |   7|   0|    7|          0|
    |k_i_reg_308                         |  31|   0|   31|          0|
    |k_reg_1174                          |  31|   0|   31|          0|
    |max_index_0_1_fu_86                 |  32|   0|   32|          0|
    |max_index_0_reg_1135                |  32|   0|   32|          0|
    |max_min_0_read_assi_fu_74           |  32|   0|   32|          0|
    |max_min_0_reg_1140                  |  32|   0|   32|          0|
    |max_min_2_read_assi_fu_78           |  32|   0|   32|          0|
    |max_min_2_reg_1124                  |  32|   0|   32|          0|
    |max_min_4_read_assi_fu_82           |  32|   0|   32|          0|
    |max_min_4_reg_1129                  |  32|   0|   32|          0|
    |size_fragment_reg_331               |  32|   0|   32|          0|
    |size_pixels_reg_1182                |  32|   0|   32|          0|
    |tmp_13_i_i_reg_1145                 |  32|   0|   32|          0|
    |tmp_16_i_i_reg_1150                 |  32|   0|   32|          0|
    |tmp_19_i_i_reg_1155                 |  32|   0|   32|          0|
    |tmp_22_i_i_reg_1160                 |  32|   0|   32|          0|
    |tmp_36_i_i_reg_1103                 |  32|   0|   32|          0|
    |tmp_9_reg_1116                      |   1|   0|    1|          0|
    |tmp_i_i2_reg_1098                   |  32|   0|   32|          0|
    |triangle_2ds_x0_reg_1031            |  32|   0|   32|          0|
    |triangle_2ds_x1_reg_1047            |  32|   0|   32|          0|
    |triangle_2ds_x2_reg_1063            |  32|   0|   32|          0|
    |triangle_2ds_y0_reg_1039            |  32|   0|   32|          0|
    |triangle_2ds_y1_reg_1055            |  32|   0|   32|          0|
    |triangle_2ds_y2_reg_1078            |  32|   0|   32|          0|
    |triangle_2ds_z_reg_1093             |  32|   0|   32|          0|
    +------------------------------------+----+----+-----+-----------+
    |Total                               | 891|   0|  891|          0|
    +------------------------------------+----+----+-----+-----------+



================================================================
== Interface
================================================================
* Summary: 
+--------------------------+-----+-----+------------+-----------------+--------------+
|         RTL Ports        | Dir | Bits|  Protocol  |  Source Object  |    C Type    |
+--------------------------+-----+-----+------------+-----------------+--------------+
|ap_clk                    |  in |    1| ap_ctrl_hs |   rendering_sw  | return value |
|ap_rst                    |  in |    1| ap_ctrl_hs |   rendering_sw  | return value |
|ap_start                  |  in |    1| ap_ctrl_hs |   rendering_sw  | return value |
|ap_done                   | out |    1| ap_ctrl_hs |   rendering_sw  | return value |
|ap_idle                   | out |    1| ap_ctrl_hs |   rendering_sw  | return value |
|ap_ready                  | out |    1| ap_ctrl_hs |   rendering_sw  | return value |
|triangle_3ds_x0_address0  | out |    7|  ap_memory | triangle_3ds_x0 |     array    |
|triangle_3ds_x0_ce0       | out |    1|  ap_memory | triangle_3ds_x0 |     array    |
|triangle_3ds_x0_q0        |  in |   32|  ap_memory | triangle_3ds_x0 |     array    |
|triangle_3ds_y0_address0  | out |    7|  ap_memory | triangle_3ds_y0 |     array    |
|triangle_3ds_y0_ce0       | out |    1|  ap_memory | triangle_3ds_y0 |     array    |
|triangle_3ds_y0_q0        |  in |   32|  ap_memory | triangle_3ds_y0 |     array    |
|triangle_3ds_z0_address0  | out |    7|  ap_memory | triangle_3ds_z0 |     array    |
|triangle_3ds_z0_ce0       | out |    1|  ap_memory | triangle_3ds_z0 |     array    |
|triangle_3ds_z0_q0        |  in |   32|  ap_memory | triangle_3ds_z0 |     array    |
|triangle_3ds_x1_address0  | out |    7|  ap_memory | triangle_3ds_x1 |     array    |
|triangle_3ds_x1_ce0       | out |    1|  ap_memory | triangle_3ds_x1 |     array    |
|triangle_3ds_x1_q0        |  in |   32|  ap_memory | triangle_3ds_x1 |     array    |
|triangle_3ds_y1_address0  | out |    7|  ap_memory | triangle_3ds_y1 |     array    |
|triangle_3ds_y1_ce0       | out |    1|  ap_memory | triangle_3ds_y1 |     array    |
|triangle_3ds_y1_q0        |  in |   32|  ap_memory | triangle_3ds_y1 |     array    |
|triangle_3ds_z1_address0  | out |    7|  ap_memory | triangle_3ds_z1 |     array    |
|triangle_3ds_z1_ce0       | out |    1|  ap_memory | triangle_3ds_z1 |     array    |
|triangle_3ds_z1_q0        |  in |   32|  ap_memory | triangle_3ds_z1 |     array    |
|triangle_3ds_x2_address0  | out |    7|  ap_memory | triangle_3ds_x2 |     array    |
|triangle_3ds_x2_ce0       | out |    1|  ap_memory | triangle_3ds_x2 |     array    |
|triangle_3ds_x2_q0        |  in |   32|  ap_memory | triangle_3ds_x2 |     array    |
|triangle_3ds_y2_address0  | out |    7|  ap_memory | triangle_3ds_y2 |     array    |
|triangle_3ds_y2_ce0       | out |    1|  ap_memory | triangle_3ds_y2 |     array    |
|triangle_3ds_y2_q0        |  in |   32|  ap_memory | triangle_3ds_y2 |     array    |
|triangle_3ds_z2_address0  | out |    7|  ap_memory | triangle_3ds_z2 |     array    |
|triangle_3ds_z2_ce0       | out |    1|  ap_memory | triangle_3ds_z2 |     array    |
|triangle_3ds_z2_q0        |  in |   32|  ap_memory | triangle_3ds_z2 |     array    |
|output_r_address0         | out |   16|  ap_memory |     output_r    |     array    |
|output_r_ce0              | out |    1|  ap_memory |     output_r    |     array    |
|output_r_we0              | out |    1|  ap_memory |     output_r    |     array    |
|output_r_d0               | out |   32|  ap_memory |     output_r    |     array    |
+--------------------------+-----+-----+------------+-----------------+--------------+

